\BOOKMARK [0][-]{chapter.1}{\376\377\000L\000e\000z\000i\000o\000n\000e\000\040\0001\000\040\000-\000\040\000E\000q\000.\000\040\000d\000i\000\040\000K\000l\000e\000i\000n\000-\000G\000o\000r\000d\000o\000n}{}% 1
\BOOKMARK [1][-]{section.1.1}{\376\377\000E\000q\000u\000a\000z\000i\000o\000n\000e\000\040\000d\000i\000\040\000K\000l\000e\000i\000n\000-\000G\000o\000r\000d\000o\000n}{chapter.1}% 2
\BOOKMARK [2][-]{subsection.1.1.1}{\376\377\000S\000o\000l\000u\000z\000i\000o\000n\000i\000\040\000d\000e\000l\000l\000'\000e\000q\000u\000a\000z\000i\000o\000n\000e\000\040\000d\000i\000\040\000K\000l\000e\000i\000n\000-\000G\000o\000r\000d\000o\000n}{section.1.1}% 3
\BOOKMARK [1][-]{section.1.2}{\376\377\000C\000o\000r\000r\000e\000n\000t\000e\000\040\000d\000i\000\040\000P\000r\000o\000b\000a\000b\000i\000l\000i\000t\000\340}{chapter.1}% 4
\BOOKMARK [2][-]{subsection.1.2.1}{\376\377\000S\000c\000h\000r\000\366\000d\000i\000n\000g\000e\000r}{section.1.2}% 5
\BOOKMARK [2][-]{subsection.1.2.2}{\376\377\000K\000l\000e\000i\000n\000-\000G\000o\000r\000d\000o\000n}{section.1.2}% 6
\BOOKMARK [1][-]{section.1.3}{\376\377\000I\000n\000v\000a\000r\000i\000a\000n\000z\000a\000\040\000r\000e\000l\000a\000t\000i\000v\000i\000s\000t\000i\000c\000a\000\040\000d\000e\000l\000l\000'\000e\000q\000u\000a\000z\000i\000o\000n\000e\000\040\000d\000i\000\040\000K\000l\000e\000i\000n\000-\000G\000o\000r\000d\000o\000n}{chapter.1}% 7
\BOOKMARK [2][-]{subsection.1.3.1}{\376\377\000T\000r\000a\000s\000f\000o\000r\000m\000a\000z\000i\000o\000n\000i\000\040\000d\000i\000\040\000L\000o\000r\000e\000n\000t\000z}{section.1.3}% 8
\BOOKMARK [2][-]{subsection.1.3.2}{\376\377\000O\000p\000e\000r\000a\000t\000o\000r\000e\000\040\000d\000i\000\040\000d\000e\000r\000i\000v\000a\000z\000i\000o\000n\000e}{section.1.3}% 9
\BOOKMARK [2][-]{subsection.1.3.3}{\376\377\000O\000p\000e\000r\000a\000t\000o\000r\000e\000\040\000d\000i\000\040\000D\000'\000A\000l\000a\000m\000b\000e\000r\000t}{section.1.3}% 10
\BOOKMARK [2][-]{subsection.1.3.4}{\376\377\000L\000'\000i\000n\000v\000a\000r\000i\000a\000n\000z\000a\000\040\000r\000e\000l\000a\000t\000i\000v\000i\000s\000t\000i\000c\000a\000\040\000d\000e\000l\000l\000'\000e\000q\000u\000a\000z\000i\000o\000n\000e\000\040\000d\000i\000\040\000K\000G}{section.1.3}% 11
\BOOKMARK [1][-]{section.1.4}{\376\377\000E\000q\000.\000\040\000d\000i\000\040\000K\000l\000e\000i\000n\000-\000G\000o\000r\000d\000o\000n\000:\000\040\000I\000n\000t\000e\000r\000p\000r\000e\000t\000a\000z\000i\000o\000n\000e}{chapter.1}% 12
\BOOKMARK [1][-]{section.1.5}{\376\377\000I\000l\000\040\000P\000a\000r\000a\000d\000o\000s\000s\000o\000\040\000d\000i\000\040\000K\000l\000e\000i\000n}{chapter.1}% 13
\BOOKMARK [1][-]{section.1.6}{\376\377\000M\000e\000c\000c\000a\000n\000i\000c\000a\000\040\000Q\000u\000a\000n\000t\000i\000s\000t\000i\000c\000a\000\040\000e\000\040\000R\000e\000l\000a\000t\000i\000v\000i\000t\000\340}{chapter.1}% 14
\BOOKMARK [0][-]{chapter.2}{\376\377\000L\000e\000z\000i\000o\000n\000e\000\040\0002\000\040\000-\000\040\000E\000q\000.\000\040\000d\000i\000\040\000D\000i\000r\000a\000c}{}% 15
\BOOKMARK [1][-]{section.2.1}{\376\377\000E\000q\000u\000a\000z\000i\000o\000n\000e\000\040\000d\000i\000\040\000D\000i\000r\000a\000c}{chapter.2}% 16
\BOOKMARK [1][-]{section.2.2}{\376\377\000P\000r\000o\000p\000r\000i\000e\000t\000\340\000\040\000d\000e\000l\000l\000e\000\040\000m\000a\000t\000r\000i\000c\000i\000\040\000a\000l\000f\000a\000\040\000e\000\040\000b\000e\000t\000a}{chapter.2}% 17
\BOOKMARK [1][-]{section.2.3}{\376\377\000R\000a\000p\000p\000r\000e\000s\000e\000n\000t\000a\000z\000i\000o\000n\000e\000\040\000d\000i\000\040\000P\000a\000u\000l\000i\000-\000D\000i\000r\000a\000c}{chapter.2}% 18
\BOOKMARK [1][-]{section.2.4}{\376\377\000S\000o\000l\000u\000z\000i\000o\000n\000e\000\040\000d\000e\000l\000l\000'\000e\000q\000u\000a\000z\000i\000o\000n\000e\000\040\000d\000i\000\040\000D\000i\000r\000a\000c\000:\000\040\000O\000n\000d\000e\000\040\000P\000i\000a\000n\000e}{chapter.2}% 19
\BOOKMARK [2][-]{subsection.2.4.1}{\376\377\000E\000n\000e\000r\000g\000i\000a\000\040\000p\000o\000s\000i\000t\000i\000v\000a}{section.2.4}% 20
\BOOKMARK [2][-]{subsection.2.4.2}{\376\377\000E\000n\000e\000r\000g\000i\000a\000\040\000n\000e\000g\000a\000t\000i\000v\000a}{section.2.4}% 21
\BOOKMARK [2][-]{subsection.2.4.3}{\376\377\000O\000n\000d\000e\000\040\000p\000i\000a\000n\000e}{section.2.4}% 22
\BOOKMARK [1][-]{section.2.5}{\376\377\000F\000o\000r\000m\000a\000\040\000c\000o\000v\000a\000r\000i\000a\000n\000t\000e\000\040\000d\000e\000l\000l\000'\000E\000q\000u\000a\000z\000i\000o\000n\000e\000\040\000d\000i\000\040\000D\000i\000r\000a\000c}{chapter.2}% 23
\BOOKMARK [1][-]{section.2.6}{\376\377\000P\000r\000o\000p\000r\000i\000e\000t\000\340\000\040\000d\000e\000l\000l\000e\000\040\000m\000a\000t\000r\000i\000c\000i\000\040\000g\000a\000m\000m\000a}{chapter.2}% 24
\BOOKMARK [1][-]{section.2.7}{\376\377\000C\000o\000r\000r\000e\000n\000t\000e\000\040\000c\000o\000n\000s\000e\000r\000v\000a\000t\000a}{chapter.2}% 25
\BOOKMARK [1][-]{section.2.8}{\376\377\000N\000o\000r\000m\000a\000l\000i\000z\000z\000a\000z\000i\000o\000n\000e\000\040\000d\000e\000g\000l\000i\000\040\000s\000p\000i\000n\000o\000r\000i}{chapter.2}% 26
\BOOKMARK [1][-]{section.2.9}{\376\377\000N\000o\000r\000m\000a\000l\000i\000z\000z\000a\000z\000i\000o\000n\000e\000\040\000u\000s\000a\000n\000d\000o\000\040\000g\000l\000i\000\040\000a\000g\000g\000i\000u\000n\000t\000i\000\040\000s\000p\000i\000n\000o\000r\000i\000a\000l\000i}{chapter.2}% 27
\BOOKMARK [1][-]{section.2.10}{\376\377\000I\000n\000t\000e\000r\000p\000r\000e\000t\000a\000z\000i\000o\000n\000e\000\040\000d\000e\000l\000l\000e\000\040\000s\000o\000l\000u\000z\000i\000o\000n\000e\000\040\000c\000o\000n\000\040\000e\000n\000e\000r\000g\000i\000a\000\040\000n\000e\000g\000a\000t\000i\000v\000a}{chapter.2}% 28
\BOOKMARK [0][-]{chapter.3}{\376\377\000L\000e\000z\000i\000o\000n\000e\000\040\0003\000\040\000-\000\040\000E\000q\000.\000\040\000d\000i\000\040\000D\000i\000r\000a\000c\000\040\0002\000\040\000e\000\040\000I\000n\000v\000a\000r\000i\000a\000n\000z\000a\000\040\000r\000e\000l\000a\000t\000i\000v\000i\000s\000t\000i\000c\000a}{}% 29
\BOOKMARK [1][-]{section.3.1}{\376\377\000I\000n\000v\000a\000r\000i\000a\000n\000z\000a\000\040\000r\000e\000l\000a\000t\000i\000v\000i\000s\000t\000i\000c\000a\000\040\000d\000e\000l\000l\000'\000e\000q\000u\000a\000z\000i\000o\000n\000e\000\040\000d\000i\000\040\000D\000i\000r\000a\000c}{chapter.3}% 30
\BOOKMARK [2][-]{subsection.3.1.1}{\376\377\000T\000r\000a\000s\000f\000o\000r\000m\000a\000z\000i\000o\000n\000i\000\040\000d\000i\000\040\000L\000o\000r\000e\000n\000t\000z}{section.3.1}% 31
\BOOKMARK [2][-]{subsection.3.1.2}{\376\377\000T\000r\000a\000s\000f\000o\000r\000m\000a\000z\000i\000o\000n\000i\000\040\000d\000i\000\040\000L\000o\000r\000e\000n\000t\000z\000\040\000p\000e\000r\000\040\000g\000l\000i\000\040\000s\000p\000i\000n\000o\000r\000i}{section.3.1}% 32
\BOOKMARK [1][-]{section.3.2}{\376\377\000M\000o\000m\000e\000n\000t\000o\000\040\000a\000n\000g\000o\000l\000a\000r\000e}{chapter.3}% 33
\BOOKMARK [1][-]{section.3.3}{\376\377\000O\000p\000e\000r\000a\000t\000o\000r\000e\000\040\000d\000i\000\040\000s\000p\000i\000n}{chapter.3}% 34
\BOOKMARK [1][-]{section.3.4}{\376\377\000P\000r\000o\000p\000r\000i\000e\000t\000\340\000\040\000d\000e\000i\000\040\000c\000o\000m\000m\000u\000t\000a\000t\000o\000r\000i}{chapter.3}% 35
\BOOKMARK [1][-]{section.3.5}{\376\377\000T\000o\000r\000n\000a\000n\000d\000o\000\040\000a\000l\000\040\000m\000o\000m\000e\000n\000t\000o\000\040\000a\000n\000g\000o\000l\000a\000r\000e}{chapter.3}% 36
\BOOKMARK [1][-]{section.3.6}{\376\377\000D\000e\000s\000c\000r\000i\000z\000i\000o\000n\000e\000\040\000r\000e\000l\000a\000t\000i\000v\000i\000s\000t\000i\000c\000a\000\040\000d\000e\000l\000l\000o\000\040\000s\000p\000i\000n\000:\000\040\000E\000l\000i\000c\000i\000t\000\340}{chapter.3}% 37
\BOOKMARK [2][-]{subsection.3.6.1}{\376\377\000D\000e\000s\000c\000r\000i\000z\000i\000o\000n\000e\000\040\000r\000e\000l\000a\000t\000i\000v\000i\000s\000t\000i\000c\000a\000\040\000d\000e\000l\000l\000o\000\040\000s\000p\000i\000n\000:\000\040\000R\000e\000s\000t\000\040\000f\000r\000a\000m\000e}{section.3.6}% 38
\BOOKMARK [1][-]{section.3.7}{\376\377\000R\000e\000l\000a\000z\000i\000o\000n\000i\000\040\000d\000i\000\040\000c\000o\000m\000p\000l\000e\000t\000e\000z\000z\000a}{chapter.3}% 39
\BOOKMARK [0][-]{chapter.4}{\376\377\000L\000e\000z\000i\000o\000n\000e\000\040\0004\000\040\000-\000\040\000I\000n\000t\000e\000r\000a\000z\000i\000o\000n\000e\000\040\000e\000l\000e\000t\000t\000r\000o\000m\000a\000g\000n\000e\000t\000i\000c\000a}{}% 40
\BOOKMARK [1][-]{section.4.1}{\376\377\000I\000n\000t\000e\000r\000a\000z\000i\000o\000n\000e\000\040\000e\000l\000e\000t\000t\000r\000o\000m\000a\000g\000n\000e\000t\000i\000c\000a}{chapter.4}% 41
\BOOKMARK [1][-]{section.4.2}{\376\377\000L\000i\000m\000i\000t\000e\000\040\000a\000\040\000b\000a\000s\000s\000a\000\040\000e\000n\000e\000r\000g\000i\000a}{chapter.4}% 42
\BOOKMARK [1][-]{section.4.3}{\376\377\000S\000c\000a\000t\000t\000e\000r\000i\000n\000g\000\040\000C\000o\000u\000l\000o\000m\000b\000i\000a\000n\000o\000:\000\040\000s\000p\000i\000n\000\040\0000}{chapter.4}% 43
\BOOKMARK [1][-]{section.4.4}{\376\377\000S\000c\000a\000t\000t\000e\000r\000i\000n\000g\000\040\000C\000o\000u\000l\000o\000m\000b\000i\000a\000n\000o\000:\000\040\000s\000p\000i\000n\000\040\0001\000/\0002}{chapter.4}% 44
\BOOKMARK [0][-]{chapter.5}{\376\377\000L\000e\000z\000i\000o\000n\000e\000\040\0005\000\040\000-\000\040\000T\000r\000a\000c\000c\000e\000\040\000d\000i\000\040\000m\000a\000t\000r\000i\000c\000i\000\040\000g\000a\000m\000m\000a\000\040\000e\000\040\000p\000r\000o\000i\000e\000t\000t\000o\000r\000i\000\040\000d\000i\000\040\000s\000p\000i\000n}{}% 45
\BOOKMARK [1][-]{section.5.1}{\376\377\000T\000e\000c\000n\000i\000c\000h\000e\000\040\000u\000t\000i\000l\000i\000z\000z\000a\000t\000e\000\040\000p\000e\000r\000\040\000l\000e\000\040\000t\000r\000a\000c\000c\000e\000\040\000d\000e\000l\000l\000e\000\040\000m\000a\000t\000r\000i\000c\000i\000\040\000g\000a\000m\000m\000a}{chapter.5}% 46
\BOOKMARK [1][-]{section.5.2}{\376\377\000S\000c\000a\000t\000t\000e\000r\000i\000n\000g\000\040\000C\000o\000u\000l\000o\000m\000b\000i\000a\000n\000o\000:\000\040\000s\000p\000i\000n\000\040\0001\000/\0002}{chapter.5}% 47
\BOOKMARK [1][-]{section.5.3}{\376\377\000E\000f\000f\000e\000t\000t\000i\000\040\000d\000i\000\040\000p\000o\000l\000a\000r\000i\000z\000z\000a\000z\000i\000o\000n\000e}{chapter.5}% 48
\BOOKMARK [1][-]{section.5.4}{\376\377\000P\000r\000o\000i\000e\000t\000t\000o\000r\000i\000\040\000d\000i\000\040\000S\000p\000i\000n}{chapter.5}% 49
\BOOKMARK [1][-]{section.5.5}{\376\377\000P\000r\000o\000i\000e\000z\000i\000o\000n\000e\000\040\000n\000e\000l\000l\000a\000\040\000d\000i\000f\000f\000u\000s\000i\000o\000n\000e\000\040\000d\000i\000\040\000C\000o\000u\000l\000o\000m\000b}{chapter.5}% 50
\BOOKMARK [1][-]{section.5.6}{\376\377\000T\000r\000a\000c\000c\000e\000\040\000c\000o\000n\000\040\000l\000a\000\040\000m\000a\000t\000r\000i\000c\000e\000\040\000g\000a\000m\000m\000a\000\040\0005}{chapter.5}% 51
\BOOKMARK [1][-]{section.5.7}{\376\377\000P\000o\000l\000a\000r\000i\000z\000z\000a\000z\000i\000o\000n\000e\000\040\000n\000e\000l\000l\000a\000\040\000d\000i\000f\000f\000u\000s\000i\000o\000n\000e\000\040\000d\000i\000\040\000C\000o\000u\000l\000o\000m\000b}{chapter.5}% 52
\BOOKMARK [1][-]{section.5.8}{\376\377\000C\000o\000n\000s\000e\000r\000v\000a\000z\000i\000o\000n\000e\000\040\000d\000e\000l\000l\000'\000e\000l\000i\000c\000i\000t\000\340}{chapter.5}% 53
\BOOKMARK [0][-]{chapter.6}{\376\377\000L\000e\000z\000i\000o\000n\000e\000\040\0006\000\040\000-\000\040\000A\000n\000a\000l\000i\000s\000i\000\040\000d\000i\000\040\000F\000o\000u\000r\000i\000e\000r\000\040\000d\000e\000i\000\040\000c\000a\000m\000p\000i\000\040\000d\000i\000\040\000K\000G\000\040\000e\000d\000\040\000E\000M}{}% 54
\BOOKMARK [1][-]{section.6.1}{\376\377\000A\000n\000a\000l\000i\000s\000i\000\040\000d\000i\000\040\000F\000o\000u\000r\000i\000e\000r\000\040\000d\000e\000l\000\040\000c\000a\000m\000p\000o\000\040\000d\000i\000\040\000K\000l\000e\000i\000n\000-\000G\000o\000r\000d\000o\000n}{chapter.6}% 55
\BOOKMARK [1][-]{section.6.2}{\376\377\000I\000l\000\040\000c\000a\000m\000p\000o\000\040\000e\000l\000e\000t\000t\000r\000o\000m\000a\000g\000n\000e\000t\000i\000c\000o\000\040\000c\000l\000a\000s\000s\000i\000c\000o}{chapter.6}% 56
\BOOKMARK [2][-]{subsection.6.2.1}{\376\377\000O\000n\000d\000e\000\040\000e\000l\000e\000t\000t\000r\000o\000m\000a\000g\000n\000e\000t\000i\000c\000h\000e}{section.6.2}% 57
\BOOKMARK [1][-]{section.6.3}{\376\377\000E\000n\000e\000r\000g\000i\000a\000\040\000m\000e\000d\000i\000a\000\040\000d\000e\000l\000l\000'\000o\000s\000c\000i\000l\000l\000a\000t\000o\000r\000e}{chapter.6}% 58
\BOOKMARK [2][-]{subsection.6.3.1}{\376\377\000R\000a\000d\000i\000a\000z\000i\000o\000n\000e\000\040\000d\000e\000l\000\040\000c\000o\000r\000p\000o\000\040\000n\000e\000r\000o}{section.6.3}% 59
\BOOKMARK [2][-]{subsection.6.3.2}{\376\377\000I\000p\000o\000t\000e\000s\000i\000\040\000d\000i\000\040\000P\000l\000a\000n\000c\000k}{section.6.3}% 60
\BOOKMARK [1][-]{section.6.4}{\376\377\000Q\000u\000a\000n\000t\000u\000m\000\040\000F\000i\000e\000l\000d\000\040\000T\000h\000e\000o\000r\000y\000:\000\040\000I\000n\000t\000r\000o\000d\000u\000z\000i\000o\000n\000e}{chapter.6}% 61
\BOOKMARK [1][-]{section.6.5}{\376\377\000L\000'\000o\000s\000c\000i\000l\000l\000a\000t\000o\000r\000e\000\040\000q\000u\000a\000n\000t\000i\000s\000t\000i\000c\000o}{chapter.6}% 62
\BOOKMARK [0][-]{chapter.7}{\376\377\000L\000e\000z\000i\000o\000n\000e\000\040\0007\000\040\000-\000\040\000T\000e\000o\000r\000i\000a\000\040\000q\000u\000a\000n\000t\000i\000s\000t\000i\000c\000a\000\040\000d\000e\000i\000\040\000C\000a\000m\000p\000i\000\040\000e\000\040\000T\000e\000o\000r\000e\000m\000a\000\040\000d\000i\000\040\000N\000o\000e\000t\000h\000e\000r}{}% 63
\BOOKMARK [1][-]{section.7.1}{\376\377\000Q\000u\000a\000n\000t\000i\000z\000z\000a\000z\000i\000o\000n\000e\000\040\000d\000i\000\040\000u\000n\000\040\000c\000a\000m\000p\000o\000\040\000s\000c\000a\000l\000a\000r\000e\000\040\000\050\000r\000e\000a\000l\000e\000\051}{chapter.7}% 64
\BOOKMARK [2][-]{subsection.7.1.1}{\376\377\000N\000o\000r\000m\000a\000l\000i\000z\000z\000a\000z\000i\000o\000n\000e\000\040\000d\000e\000g\000l\000i\000\040\000s\000t\000a\000t\000i}{section.7.1}% 65
\BOOKMARK [2][-]{subsection.7.1.2}{\376\377\000S\000i\000m\000m\000e\000t\000r\000i\000a\000\040\000d\000e\000g\000l\000i\000\040\000s\000t\000a\000t\000i}{section.7.1}% 66
\BOOKMARK [2][-]{subsection.7.1.3}{\376\377\000O\000p\000e\000r\000a\000t\000o\000r\000i\000\040\000d\000i\000\040\000c\000a\000m\000p\000o}{section.7.1}% 67
\BOOKMARK [2][-]{subsection.7.1.4}{\376\377\000O\000p\000e\000r\000a\000t\000o\000r\000e\000\040\000n\000u\000m\000e\000r\000o\000\040\000e\000\040\000H\000a\000m\000i\000l\000t\000o\000n\000i\000a\000n\000a}{section.7.1}% 68
\BOOKMARK [1][-]{section.7.2}{\376\377\000L\000a\000g\000n\000a\000n\000g\000i\000a\000n\000a\000\040\000d\000i\000\040\000u\000n\000\040\000c\000a\000m\000p\000o\000\040\000c\000l\000a\000s\000s\000i\000c\000o}{chapter.7}% 69
\BOOKMARK [1][-]{section.7.3}{\376\377\000Q\000u\000a\000n\000t\000i\000z\000z\000a\000z\000i\000o\000n\000e\000\040\000c\000a\000n\000o\000n\000i\000c\000a}{chapter.7}% 70
\BOOKMARK [2][-]{subsection.7.3.1}{\376\377\000C\000a\000l\000c\000o\000l\000o\000\040\000d\000e\000l\000l\000'\000H\000a\000m\000i\000l\000t\000o\000n\000i\000a\000n\000o}{section.7.3}% 71
\BOOKMARK [1][-]{section.7.4}{\376\377\000T\000e\000o\000r\000e\000m\000a\000\040\000d\000i\000\040\000N\000o\000e\000t\000h\000e\000r}{chapter.7}% 72
\BOOKMARK [0][-]{chapter.8}{\376\377\000L\000e\000z\000i\000o\000n\000e\000\040\0008\000\040\000-\000\040\000Q\000u\000a\000n\000t\000i\000z\000z\000a\000z\000i\000o\000n\000e\000\040\000d\000e\000l\000\040\000c\000a\000m\000p\000o\000\040\000d\000i\000\040\000D\000i\000r\000a\000c}{}% 73
\BOOKMARK [1][-]{section.8.1}{\376\377\000T\000e\000n\000s\000o\000r\000e\000\040\000e\000n\000e\000r\000g\000i\000a\000\040\000i\000m\000p\000u\000l\000s\000o}{chapter.8}% 74
\BOOKMARK [1][-]{section.8.2}{\376\377\000I\000l\000\040\000c\000a\000m\000p\000o\000\040\000s\000c\000a\000l\000a\000r\000e\000\040\000c\000o\000m\000p\000l\000e\000s\000s\000o}{chapter.8}% 75
\BOOKMARK [1][-]{section.8.3}{\376\377\000Q\000u\000a\000n\000t\000i\000z\000z\000a\000z\000i\000o\000n\000e\000\040\000d\000e\000l\000\040\000C\000a\000m\000p\000o\000\040\000d\000i\000\040\000D\000i\000r\000a\000c}{chapter.8}% 76
\BOOKMARK [1][-]{section.8.4}{\376\377\000L\000a\000g\000r\000a\000n\000g\000i\000a\000n\000a\000\040\000d\000e\000l\000\040\000c\000a\000m\000p\000o\000\040\000d\000i\000\040\000D\000i\000r\000a\000c}{chapter.8}% 77
\BOOKMARK [1][-]{section.8.5}{\376\377\000H\000a\000m\000i\000l\000t\000o\000n\000i\000a\000n\000a\000\040\000d\000e\000l\000\040\000c\000a\000m\000p\000o\000\040\000d\000i\000\040\000D\000i\000r\000a\000c}{chapter.8}% 78
\BOOKMARK [1][-]{section.8.6}{\376\377\000E\000s\000p\000a\000n\000s\000i\000o\000n\000e\000\040\000d\000e\000l\000\040\000c\000a\000m\000p\000o\000\040\000d\000i\000\040\000D\000i\000r\000a\000c}{chapter.8}% 79
\BOOKMARK [1][-]{section.8.7}{\376\377\000Q\000u\000a\000n\000t\000i\000z\000z\000a\000z\000i\000o\000n\000e\000\040\000d\000e\000l\000\040\000c\000a\000m\000p\000o\000\040\000d\000i\000\040\000D\000i\000r\000a\000c\000\040\000I\000I}{chapter.8}% 80
\BOOKMARK [1][-]{section.8.8}{\376\377\000H\000a\000m\000i\000l\000t\000o\000n\000i\000a\000n\000a\000\040\000e\000\040\000r\000e\000g\000o\000l\000e\000\040\000d\000i\000\040\000c\000o\000m\000m\000u\000t\000a\000z\000i\000o\000n\000i}{chapter.8}% 81
\BOOKMARK [1][-]{section.8.9}{\376\377\000I\000n\000v\000a\000r\000i\000a\000n\000z\000a\000\040\000g\000a\000u\000g\000e\000\040\000d\000i\000\040\000g\000l\000o\000b\000a\000l\000e}{chapter.8}% 82
\BOOKMARK [1][-]{section.8.10}{\376\377\000I\000n\000v\000a\000r\000i\000a\000n\000z\000a\000\040\000l\000o\000c\000a\000l\000e\000\040\000d\000i\000\040\000g\000a\000u\000g\000e\000\040\000e\000\040\000Q\000E\000D}{chapter.8}% 83
\BOOKMARK [0][-]{chapter.9}{\376\377\000L\000e\000z\000i\000o\000n\000e\000\040\0009\000\040\000-\000\040\000Q\000u\000a\000n\000t\000i\000z\000z\000a\000z\000i\000o\000n\000e\000\040\000d\000e\000l\000\040\000c\000a\000m\000p\000o\000\040\000E\000M\000\040\000e\000\040\000T\000e\000o\000r\000i\000a\000\040\000d\000e\000l\000l\000o\000\040\000s\000c\000a\000t\000t\000e\000r\000i\000n\000g}{}% 84
\BOOKMARK [1][-]{section.9.1}{\376\377\000Q\000u\000a\000n\000t\000i\000z\000z\000a\000z\000i\000o\000n\000e\000\040\000d\000e\000l\000\040\000c\000a\000m\000p\000o\000\040\000e\000l\000e\000t\000t\000r\000o\000m\000a\000g\000n\000e\000t\000i\000c\000o}{chapter.9}% 85
\BOOKMARK [1][-]{section.9.2}{\376\377\000C\000a\000m\000p\000i\000\040\000i\000n\000t\000e\000r\000a\000g\000e\000n\000t\000i}{chapter.9}% 86
\BOOKMARK [1][-]{section.9.3}{\376\377\000T\000e\000o\000r\000i\000a\000\040\000d\000e\000l\000l\000o\000\040\000S\000c\000a\000t\000t\000e\000r\000i\000n\000g}{chapter.9}% 87
\BOOKMARK [2][-]{subsection.9.3.1}{\376\377\000L\000a\000\040\000m\000a\000t\000r\000i\000c\000e\000\040\000S}{section.9.3}% 88
\BOOKMARK [2][-]{subsection.9.3.2}{\376\377\000T\000e\000o\000r\000i\000a\000\040\000d\000e\000l\000l\000o\000\040\000S\000c\000a\000t\000t\000e\000r\000i\000n\000g}{section.9.3}% 89
\BOOKMARK [1][-]{section.9.4}{\376\377\000R\000a\000p\000p\000r\000e\000s\000e\000n\000t\000a\000z\000i\000o\000n\000e\000\040\000d\000'\000I\000n\000t\000e\000r\000a\000z\000i\000o\000n\000e}{chapter.9}% 90
\BOOKMARK [1][-]{section.9.5}{\376\377\000C\000a\000l\000c\000o\000l\000o\000\040\000d\000e\000l\000l\000a\000\040\000M\000a\000t\000r\000i\000c\000e\000\040\000S}{chapter.9}% 91
\BOOKMARK [2][-]{subsection.9.5.1}{\376\377\000S\000v\000i\000l\000u\000p\000p\000o\000\040\000p\000e\000r\000t\000u\000r\000b\000a\000t\000i\000v\000o}{section.9.5}% 92
\BOOKMARK [1][-]{section.9.6}{\376\377\000S\000e\000z\000i\000o\000n\000e\000\040\000d\000'\000u\000r\000t\000o\000\040\000e\000\040\000v\000i\000t\000a\000\040\000m\000e\000d\000i\000a}{chapter.9}% 93
\BOOKMARK [0][-]{chapter.10}{\376\377\000L\000e\000z\000i\000o\000n\000e\000\040\0001\0000\000\040\000-\000\040\000S\000c\000a\000t\000t\000e\000r\000i\000n\000g\000\040\000d\000i\000\040\000C\000o\000u\000l\000o\000m\000b}{}% 94
\BOOKMARK [1][-]{section.10.1}{\376\377\000S\000c\000a\000t\000t\000e\000r\000i\000n\000g\000\040\000d\000i\000\040\000C\000o\000u\000l\000o\000m\000b\000\040\000p\000e\000r\000\040\000p\000a\000r\000t\000i\000c\000e\000l\000l\000a\000\040\000d\000i\000\040\000s\000p\000i\000n\000\040\0000}{chapter.10}% 95
\BOOKMARK [2][-]{subsection.10.1.1}{\376\377\000L\000'\000e\000l\000e\000m\000e\000n\000t\000o\000\040\000d\000i\000\040\000M\000a\000t\000r\000i\000c\000e\000\040\000S}{section.10.1}% 96
\BOOKMARK [2][-]{subsection.10.1.2}{\376\377\000L\000'\000e\000l\000e\000m\000e\000n\000t\000o\000\040\000d\000i\000\040\000m\000a\000t\000r\000i\000c\000e\000\040\000d\000e\000l\000l\000a\000\040\000c\000o\000r\000r\000e\000n\000t\000e\000\040\000j}{section.10.1}% 97
\BOOKMARK [1][-]{section.10.2}{\376\377\000I\000n\000t\000e\000r\000a\000z\000i\000o\000n\000e\000\040\000e\000l\000e\000t\000t\000r\000o\000m\000a\000g\000n\000e\000t\000i\000c\000a\000:\000\040\000s\000p\000i\000n\000\040\0001\000/\0002}{chapter.10}% 98
\BOOKMARK [1][-]{section.10.3}{\376\377\000R\000e\000g\000o\000l\000e\000\040\000d\000i\000\040\000F\000e\000y\000n\000m\000a\000n}{chapter.10}% 99
\BOOKMARK [1][-]{section.10.4}{\376\377\000S\000e\000z\000i\000o\000n\000e\000\040\000d\000'\000u\000r\000t\000o\000\040\000e\000l\000e\000t\000t\000r\000o\000n\000e\000-\000m\000u\000o\000n\000e}{chapter.10}% 100
\BOOKMARK [2][-]{subsection.10.4.1}{\376\377\000V\000a\000r\000i\000a\000b\000i\000l\000i\000\040\000d\000i\000\040\000M\000a\000n\000d\000e\000l\000s\000t\000a\000m}{section.10.4}% 101
\BOOKMARK [2][-]{subsection.10.4.2}{\376\377\000C\000i\000n\000e\000m\000a\000t\000i\000c\000a\000\040\000d\000e\000l\000l\000a\000\040\000r\000e\000a\000z\000i\000o\000n\000e}{section.10.4}% 102
\BOOKMARK [2][-]{subsection.10.4.3}{\376\377\000L\000o\000\040\000s\000p\000a\000z\000i\000o\000\040\000d\000e\000l\000l\000e\000\040\000f\000a\000s\000i\000\040\000d\000e\000l\000l\000a\000\040\000r\000e\000a\000z\000i\000o\000n\000e}{section.10.4}% 103
\BOOKMARK [2][-]{subsection.10.4.4}{\376\377\000I\000l\000\040\000f\000a\000t\000t\000o\000r\000e\000\040\000f\000l\000u\000s\000s\000o}{section.10.4}% 104
\BOOKMARK [2][-]{subsection.10.4.5}{\376\377\000S\000e\000z\000i\000o\000n\000e\000\040\000d\000'\000u\000r\000t\000o}{section.10.4}% 105
\BOOKMARK [0][-]{chapter.11}{\376\377\000L\000e\000z\000i\000o\000n\000e\000\040\0001\0001\000\040\000-\000\040\000T\000e\000o\000r\000i\000a\000\040\000d\000i\000\040\000F\000e\000r\000m\000i\000\040\000d\000e\000l\000\040\000d\000e\000c\000a\000d\000i\000m\000e\000n\000t\000o\000\040\000b\000e\000t\000a}{}% 106
\BOOKMARK [1][-]{section.11.1}{\376\377\000P\000r\000o\000p\000a\000g\000a\000t\000o\000r\000e\000\040\000e\000\040\000i\000n\000v\000a\000r\000i\000a\000n\000z\000a\000\040\000d\000i\000\040\000g\000a\000u\000g\000e}{chapter.11}% 107
\BOOKMARK [1][-]{section.11.2}{\376\377\000T\000e\000o\000r\000i\000a\000\040\000d\000i\000\040\000F\000e\000r\000m\000i\000\040\000d\000e\000l\000\040\000d\000e\000c\000a\000d\000i\000m\000e\000n\000t\000o\000\040\000b\000e\000t\000a}{chapter.11}% 108
\BOOKMARK [1][-]{section.11.3}{\376\377\000D\000e\000c\000a\000d\000i\000m\000e\000n\000t\000o\000\040\000b\000e\000t\000a\000\040\000d\000e\000l\000\040\000n\000e\000u\000t\000r\000o\000n\000e}{chapter.11}% 109
\BOOKMARK [2][-]{subsection.11.3.1}{\376\377\000L\000a\000\040\000c\000o\000s\000t\000a\000n\000t\000e\000\040\000G}{section.11.3}% 110
\BOOKMARK [2][-]{subsection.11.3.2}{\376\377\000L\000'\000e\000l\000e\000m\000e\000n\000t\000o\000\040\000d\000i\000\040\000m\000a\000t\000r\000i\000c\000e}{section.11.3}% 111
\BOOKMARK [1][-]{section.11.4}{\376\377\000C\000i\000n\000e\000m\000a\000t\000i\000c\000a\000\040\000d\000e\000c\000a\000d\000i\000m\000e\000n\000t\000o\000\040\000i\000n\000\040\000t\000r\000e\000\040\000c\000o\000r\000p\000i}{chapter.11}% 112
\BOOKMARK [1][-]{section.11.5}{\376\377\000R\000e\000g\000i\000o\000n\000e\000\040\000f\000i\000s\000i\000c\000a\000\040\000d\000e\000l\000\040\000d\000e\000c\000a\000d\000i\000m\000e\000n\000t\000o}{chapter.11}% 113
\BOOKMARK [1][-]{section.11.6}{\376\377\000C\000i\000n\000e\000m\000a\000t\000i\000c\000a\000\040\000d\000e\000c\000a\000d\000i\000m\000e\000n\000t\000o\000\040\000b\000e\000t\000a\000\040\000d\000e\000l\000\040\000n\000e\000u\000t\000r\000o\000n\000e}{chapter.11}% 114
\BOOKMARK [0][-]{chapter.12}{\376\377\000L\000e\000z\000i\000o\000n\000e\000\040\0001\0002\000\040\000-\000\040\000G\000e\000n\000e\000r\000a\000l\000i\000z\000z\000a\000z\000i\000o\000n\000e\000\040\000d\000e\000l\000l\000a\000\040\000t\000e\000o\000r\000i\000a\000\040\000d\000i\000\040\000F\000e\000r\000m\000i}{}% 115
\BOOKMARK [1][-]{section.12.1}{\376\377\000L\000o\000\040\000s\000p\000a\000z\000i\000o\000\040\000d\000e\000l\000l\000e\000\040\000f\000a\000s\000i}{chapter.12}% 116
\BOOKMARK [2][-]{subsection.12.1.1}{\376\377\000D\000a\000l\000i\000t\000z\000\040\000P\000l\000o\000t}{section.12.1}% 117
\BOOKMARK [1][-]{section.12.2}{\376\377\000A\000p\000p\000r\000o\000s\000s\000i\000m\000a\000z\000i\000o\000n\000e\000\040\000n\000o\000n\000\040\000r\000e\000l\000a\000t\000i\000v\000i\000s\000t\000i\000c\000a}{chapter.12}% 118
\BOOKMARK [1][-]{section.12.3}{\376\377\000G\000e\000n\000e\000r\000a\000l\000i\000z\000z\000a\000z\000i\000o\000n\000e\000\040\000d\000e\000l\000l\000a\000\040\000T\000e\000o\000r\000i\000a\000\040\000d\000i\000\040\000F\000e\000r\000m\000i}{chapter.12}% 119
\BOOKMARK [2][-]{subsection.12.3.1}{\376\377\000E\000l\000e\000m\000e\000n\000t\000o\000\040\000d\000i\000\040\000m\000a\000t\000r\000i\000c\000e\000\040\000n\000u\000c\000l\000e\000a\000r\000e}{section.12.3}% 120
\BOOKMARK [1][-]{section.12.4}{\376\377\000G\000e\000n\000e\000r\000a\000l\000i\000z\000z\000a\000z\000i\000o\000n\000e\000\040\000d\000e\000l\000l\000\040\000T\000e\000o\000r\000i\000a\000\040\000d\000i\000\040\000F\000e\000r\000m\000i\000\040\000I\000I}{chapter.12}% 121
\BOOKMARK [1][-]{section.12.5}{\376\377\000L\000a\000\040\000L\000a\000r\000g\000h\000e\000z\000z\000a\000\040\000d\000i\000\040\000D\000e\000c\000a\000d\000i\000m\000e\000n\000t\000o}{chapter.12}% 122
\BOOKMARK [1][-]{section.12.6}{\376\377\000T\000e\000r\000m\000i\000n\000i\000\040\000d\000i\000\040\000I\000n\000t\000e\000r\000f\000e\000r\000e\000n\000z\000a}{chapter.12}% 123
\BOOKMARK [1][-]{section.12.7}{\376\377\000S\000o\000m\000m\000e\000\040\000s\000u\000g\000l\000i\000\040\000s\000t\000a\000t\000i\000\040\000d\000i\000\040\000p\000o\000l\000a\000r\000i\000z\000z\000a\000z\000i\000o\000n\000e\000\040\000n\000u\000c\000l\000e\000a\000r\000i}{chapter.12}% 124
\BOOKMARK [1][-]{section.12.8}{\376\377\000I\000l\000\040\000t\000e\000n\000s\000o\000r\000e\000\040\000l\000e\000p\000t\000o\000n\000i\000c\000o}{chapter.12}% 125
\BOOKMARK [1][-]{section.12.9}{\376\377\000L\000'\000e\000l\000e\000m\000e\000n\000t\000o\000\040\000d\000i\000\040\000M\000a\000t\000r\000i\000c\000e}{chapter.12}% 126
\BOOKMARK [0][-]{chapter.13}{\376\377\000L\000e\000z\000i\000o\000n\000e\000\040\0001\0003\000\040\000-\000\040\000D\000i\000s\000t\000r\000i\000b\000u\000z\000i\000o\000n\000e\000\040\000d\000e\000l\000l\000'\000e\000n\000e\000r\000g\000i\000a}{}% 127
\BOOKMARK [1][-]{section.13.1}{\376\377\000L\000o\000\040\000s\000p\000a\000z\000i\000o\000\040\000d\000e\000l\000l\000e\000\040\000f\000a\000s\000i}{chapter.13}% 128
\BOOKMARK [1][-]{section.13.2}{\376\377\000L\000a\000\040\000l\000a\000r\000g\000h\000e\000z\000z\000a\000\040\000d\000i\000\040\000d\000e\000c\000a\000d\000i\000m\000e\000n\000t\000o}{chapter.13}% 129
\BOOKMARK [1][-]{section.13.3}{\376\377\000L\000a\000\040\000d\000i\000s\000t\000r\000i\000b\000u\000z\000i\000o\000n\000e\000\040\000d\000e\000l\000l\000'\000e\000n\000e\000r\000g\000i\000a}{chapter.13}% 130
\BOOKMARK [1][-]{section.13.4}{\376\377\000C\000o\000r\000r\000e\000l\000a\000z\000i\000o\000n\000e\000\040\000a\000n\000g\000o\000l\000a\000r\000e\000\040\000e\000\040\000-\000\040\000n\000u}{chapter.13}% 131
\BOOKMARK [2][-]{subsection.13.4.1}{\376\377\000E\000s\000p\000e\000r\000i\000m\000e\000n\000t\000o\000\040\000d\000i\000\040\000A\000l\000l\000e\000n\000\040\000e\000t\000\040\000a\000l}{section.13.4}% 132
\BOOKMARK [2][-]{subsection.13.4.2}{\376\377\000R\000i\000e\000p\000i\000l\000o\000g\000o}{section.13.4}% 133
\BOOKMARK [1][-]{section.13.5}{\376\377\000L\000a\000\040\000v\000i\000t\000a\000\040\000m\000e\000d\000i\000a}{chapter.13}% 134
\BOOKMARK [1][-]{section.13.6}{\376\377\000I\000l\000\040\000g\000r\000u\000p\000p\000o\000\040\000d\000i\000\040\000L\000o\000r\000e\000n\000t\000z}{chapter.13}% 135
\BOOKMARK [2][-]{subsection.13.6.1}{\376\377\000C\000l\000a\000s\000s\000i\000f\000i\000c\000a\000z\000i\000o\000n\000e\000\040\000d\000e\000l\000\040\000g\000r\000u\000p\000p\000o\000\040\000d\000i\000\040\000L\000o\000r\000e\000n\000t\000z}{section.13.6}% 136
\BOOKMARK [1][-]{section.13.7}{\376\377\000I\000n\000v\000e\000r\000s\000i\000o\000n\000e\000\040\000d\000e\000g\000l\000i\000\040\000s\000p\000i\000n\000o\000r\000i}{chapter.13}% 137
\BOOKMARK [2][-]{subsection.13.7.1}{\376\377\000T\000r\000a\000s\000f\000o\000r\000m\000a\000z\000i\000o\000n\000e\000\040\000d\000e\000i\000\040\000c\000o\000v\000a\000r\000i\000a\000n\000t\000i\000\040\000b\000i\000l\000i\000n\000e\000a\000r\000i}{section.13.7}% 138
\BOOKMARK [2][-]{subsection.13.7.2}{\376\377\000M\000a\000t\000r\000i\000c\000e\000\040\000s\000c\000a\000l\000a\000r\000e\000\040\000S\000\040\000=\000\040\000I}{section.13.7}% 139
\BOOKMARK [2][-]{subsection.13.7.3}{\376\377\000M\000a\000t\000r\000i\000c\000e\000\040\000v\000e\000t\000t\000o\000r\000i\000a\000l\000e\000\040\000V\000\040\000=\000\040}{section.13.7}% 140
\BOOKMARK [2][-]{subsection.13.7.4}{\376\377\000M\000a\000t\000r\000i\000c\000e\000\040\000v\000e\000t\000t\000o\000r\000i\000a\000l\000e\000\040\000a\000s\000s\000i\000a\000l\000e\000\040\000A\000\040\000=\000\040\0005\000\040}{section.13.7}% 141
\BOOKMARK [2][-]{subsection.13.7.5}{\376\377\000M\000a\000t\000r\000i\000c\000e\000\040\000t\000e\000n\000s\000o\000r\000i\000a\000l\000e\000\040\000T\000\040\000=\000\040\000,\000\040\000=}{section.13.7}% 142
\BOOKMARK [2][-]{subsection.13.7.6}{\376\377\000M\000a\000t\000r\000i\000c\000e\000\040\000p\000s\000e\000u\000d\000o\000-\000s\000c\000a\000l\000a\000r\000e\000\040\000P\000\040\000=\000\040\0005}{section.13.7}% 143
\BOOKMARK [1][-]{section.13.8}{\376\377\000I\000n\000v\000e\000r\000s\000i\000o\000n\000e\000\040\000s\000p\000a\000z\000i\000a\000l\000e}{chapter.13}% 144
\BOOKMARK [1][-]{section.13.9}{\376\377\000I\000n\000v\000e\000r\000s\000i\000o\000n\000e\000\040\000s\000p\000a\000z\000i\000a\000l\000e}{chapter.13}% 145
\BOOKMARK [0][-]{chapter.14}{\376\377\000L\000e\000z\000i\000o\000n\000e\000\040\0001\0004\000\040\000-\000\040\000V\000i\000o\000l\000a\000z\000i\000o\000n\000e\000\040\000d\000i\000\040\000C\000\040\000-\000\040\000I\000n\000v\000a\000r\000i\000a\000n\000z\000a\000\040\000d\000i\000\040\000C\000P}{}% 146
\BOOKMARK [1][-]{section.14.1}{\376\377\000I\000l\000\040\000"\000-\000\040\000p\000u\000z\000z\000l\000e\000"}{chapter.14}% 147
\BOOKMARK [1][-]{section.14.2}{\376\377\000I\000l\000\040\000D\000a\000l\000i\000t\000z\000\040\000P\000l\000o\000t}{chapter.14}% 148
\BOOKMARK [1][-]{section.14.3}{\376\377\000E\000s\000p\000e\000r\000i\000m\000e\000n\000t\000i\000\040\000a\000l\000l\000o\000\040\000s\000p\000e\000c\000c\000h\000i\000o}{chapter.14}% 149
\BOOKMARK [1][-]{section.14.4}{\376\377\000L\000'\000e\000s\000p\000e\000r\000i\000m\000e\000n\000t\000o\000\040\000d\000i\000\040\000W\000u\000\040\000e\000t\000\040\000a\000l\000.}{chapter.14}% 150
\BOOKMARK [1][-]{section.14.5}{\376\377\000L\000a\000\040\000v\000i\000o\000l\000a\000z\000i\000o\000n\000e\000\040\000d\000i\000\040\000C}{chapter.14}% 151
\BOOKMARK [1][-]{section.14.6}{\376\377\000I\000n\000v\000a\000r\000i\000a\000n\000z\000a\000\040\000p\000e\000r\000\040\000t\000r\000a\000s\000f\000o\000r\000m\000a\000z\000i\000o\000n\000i\000\040\000C\000P}{chapter.14}% 152
\BOOKMARK [1][-]{section.14.7}{\376\377\000L\000a\000\040\000v\000i\000o\000l\000a\000z\000i\000o\000n\000e\000\040\000d\000e\000l\000l\000a\000\040\000p\000a\000r\000i\000t\000\340}{chapter.14}% 153
\BOOKMARK [1][-]{section.14.8}{\376\377\000C\000o\000n\000s\000e\000g\000u\000e\000n\000z\000e\000\040\000F\000e\000n\000o\000m\000e\000n\000o\000l\000o\000g\000i\000c\000h\000e}{chapter.14}% 154
\BOOKMARK [2][-]{subsection.14.8.1}{\376\377\000G\000l\000i\000\040\000e\000l\000e\000m\000e\000n\000t\000i\000\040\000d\000i\000\040\000m\000a\000t\000r\000i\000c\000e}{section.14.8}% 155
\BOOKMARK [1][-]{section.14.9}{\376\377\000E\000l\000e\000t\000t\000r\000o\000n\000i\000\040\000p\000o\000l\000a\000r\000i\000z\000z\000a\000t\000i}{chapter.14}% 156
\BOOKMARK [2][-]{subsection.14.9.1}{\376\377\000P\000o\000l\000a\000r\000i\000z\000z\000a\000z\000i\000o\000n\000e\000\040\000n\000e\000l\000\040\000d\000e\000c\000a\000d\000i\000m\000e\000n\000t\000o\000\040}{section.14.9}% 157
\BOOKMARK [0][-]{chapter.15}{\376\377\000L\000e\000z\000i\000o\000n\000e\000\040\0001\0005\000\040\000-\000\040\000H\000a\000m\000i\000l\000t\000o\000n\000i\000a\000n\000a\000\040\000d\000e\000l\000\040\000d\000e\000c\000a\000d\000i\000m\000e\000n\000t\000o\000\040\000b\000e\000t\000a}{}% 158
\BOOKMARK [1][-]{section.15.1}{\376\377\000M\000i\000s\000u\000r\000a\000\040\000d\000e\000l\000l\000a\000\040\000p\000o\000l\000a\000r\000i\000z\000z\000a\000z\000i\000o\000n\000e}{chapter.15}% 159
\BOOKMARK [1][-]{section.15.2}{\376\377\000R\000o\000t\000a\000z\000i\000o\000n\000e\000\040\000d\000e\000l\000\040\000V\000e\000t\000t\000o\000r\000e\000\040\000d\000i\000\040\000P\000o\000l\000a\000r\000i\000z\000z\000a\000z\000i\000o\000n\000e}{chapter.15}% 160
\BOOKMARK [1][-]{section.15.3}{\376\377\000S\000e\000z\000i\000o\000n\000e\000\040\000d\000'\000u\000r\000t\000o\000\040\000M\000o\000t\000t}{chapter.15}% 161
\BOOKMARK [1][-]{section.15.4}{\376\377\000E\000s\000p\000e\000r\000i\000m\000e\000n\000t\000o\000\040\000d\000i\000\040\000F\000r\000a\000u\000e\000n\000f\000e\000l\000d\000e\000r}{chapter.15}% 162
\BOOKMARK [1][-]{section.15.5}{\376\377\000D\000e\000t\000e\000r\000m\000i\000n\000a\000z\000i\000o\000n\000e\000\040\000d\000i\000\040\000C\000A\000\040\000e\000\040\000C\000V}{chapter.15}% 163
\BOOKMARK [1][-]{section.15.6}{\376\377\000L\000'\000H\000a\000m\000i\000l\000t\000o\000n\000i\000a\000n\000a\000\040\000d\000e\000l\000\040\000D\000e\000c\000a\000d\000i\000m\000e\000n\000t\000o\000\040}{chapter.15}% 164
\BOOKMARK [1][-]{section.15.7}{\376\377\000P\000r\000o\000i\000e\000z\000i\000o\000n\000i\000\040\000c\000h\000i\000r\000a\000l\000i}{chapter.15}% 165
\BOOKMARK [1][-]{section.15.8}{\376\377\000R\000a\000p\000p\000r\000e\000s\000e\000n\000t\000a\000z\000i\000o\000n\000e\000\040\000C\000h\000i\000r\000a\000l\000e\000\040\000d\000e\000l\000l\000e\000\040\000m\000a\000t\000r\000i\000c\000i\000\040}{chapter.15}% 166
\BOOKMARK [2][-]{subsection.15.8.1}{\376\377\000P\000r\000o\000i\000e\000z\000i\000o\000n\000i\000\040\000c\000h\000i\000r\000a\000l\000i\000\040\000e\000\040\000a\000n\000t\000i\000p\000a\000r\000t\000i\000c\000e\000l\000l\000e}{section.15.8}% 167
\BOOKMARK [1][-]{section.15.9}{\376\377\000V\000i\000o\000l\000a\000z\000i\000o\000n\000e\000\040\000d\000e\000l\000l\000a\000\040\000p\000a\000r\000i\000t\000\340\000\040\000e\000\040\000m\000o\000m\000e\000n\000t\000o\000\040\000a\000n\000g\000o\000l\000a\000r\000e}{chapter.15}% 168
\BOOKMARK [2][-]{subsection.15.9.1}{\376\377\000L\000e\000\040\000c\000o\000r\000r\000e\000n\000t\000i\000\040\000c\000h\000i\000r\000a\000l\000i\000\040\000l\000e\000f\000t\000-\000h\000a\000n\000d\000e\000d}{section.15.9}% 169
\BOOKMARK [0][-]{chapter.16}{\376\377\000L\000e\000z\000i\000o\000n\000e\000\040\0001\0006\000\040\000-\000\040\000U\000n\000i\000v\000e\000r\000s\000a\000l\000i\000t\000\340\000\040\000e\000\040\000d\000i\000v\000e\000r\000s\000e\000\040\000i\000n\000t\000e\000r\000a\000z\000i\000o\000n\000i\000\040\000d\000e\000b\000o\000l\000i}{}% 170
\BOOKMARK [1][-]{section.16.1}{\376\377\000U\000n\000i\000v\000e\000r\000s\000a\000l\000i\000t\000\340\000\040\000I}{chapter.16}% 171
\BOOKMARK [1][-]{section.16.2}{\376\377\000I\000l\000\040\000d\000e\000c\000a\000d\000i\000m\000e\000n\000t\000o\000\040\000d\000e\000l\000\040\000l\000e\000p\000t\000o\000n\000e\000\040}{chapter.16}% 172
\BOOKMARK [1][-]{section.16.3}{\376\377\000U\000n\000i\000v\000e\000r\000s\000a\000l\000i\000t\000\340\000\040\000I\000I}{chapter.16}% 173
\BOOKMARK [1][-]{section.16.4}{\376\377\000L\000a\000\040\000c\000o\000r\000r\000e\000n\000t\000e\000\040\000a\000d\000r\000o\000n\000i\000c\000a}{chapter.16}% 174
\BOOKMARK [1][-]{section.16.5}{\376\377\000I\000l\000\040\000d\000e\000c\000a\000d\000i\000m\000e\000n\000t\000o\000\040\000-\000l\000-\000\040\000l}{chapter.16}% 175
\BOOKMARK [1][-]{section.16.6}{\376\377\000P\000o\000l\000a\000r\000i\000z\000z\000a\000z\000i\000o\000n\000e\000\040\000d\000e\000l\000\040\000l\000e\000p\000t\000o\000n\000e}{chapter.16}% 176
\BOOKMARK [1][-]{section.16.7}{\376\377\000I\000l\000\040\000d\000e\000c\000a\000d\000i\000m\000e\000n\000t\000o\000\040\000d\000e\000l\000\040\000l\000e\000p\000t\000o\000n\000e\000\040}{chapter.16}% 177
\BOOKMARK [1][-]{section.16.8}{\376\377\000P\000o\000l\000a\000r\000i\000z\000z\000a\000z\000i\000o\000n\000e\000\040\000d\000e\000l\000\040\000l\000e\000p\000t\000o\000n\000e\000\040\000t\000a\000u}{chapter.16}% 178
\BOOKMARK [1][-]{section.16.9}{\376\377\000D\000e\000c\000a\000d\000i\000m\000e\000n\000t\000o\000\040\000d\000e\000b\000o\000l\000i}{chapter.16}% 179
\BOOKMARK [1][-]{section.16.10}{\376\377\000L\000a\000\040\000c\000o\000r\000r\000e\000n\000t\000e\000\040\000a\000d\000r\000o\000n\000i\000c\000a}{chapter.16}% 180
\BOOKMARK [1][-]{section.16.11}{\376\377\000P\000r\000o\000p\000r\000i\000e\000t\000\340\000\040\000i\000s\000o\000t\000o\000p\000i\000c\000h\000e\000\040\000d\000e\000l\000l\000a\000\040\000c\000o\000r\000r\000e\000n\000t\000e\000\040\000a\000d\000r\000o\000n\000i\000c\000a}{chapter.16}% 181
\BOOKMARK [0][-]{chapter.17}{\376\377\000L\000e\000z\000i\000o\000n\000e\000\040\0001\0007\000\040\000-\000\040\000F\000a\000t\000t\000o\000r\000i\000\040\000d\000i\000\040\000f\000o\000r\000m\000a}{}% 182
\BOOKMARK [1][-]{section.17.1}{\376\377\000P\000r\000o\000p\000r\000i\000e\000t\000\340\000\040\000I\000s\000o\000t\000o\000p\000i\000c\000h\000e\000\040\000d\000e\000l\000l\000a\000\040\000c\000o\000r\000r\000e\000n\000t\000e\000\040\000a\000d\000r\000o\000n\000i\000c\000a}{chapter.17}% 183
\BOOKMARK [1][-]{section.17.2}{\376\377\000L\000a\000\040\000c\000o\000r\000r\000e\000n\000t\000e\000\040\000a\000d\000r\000o\000n\000i\000c\000a}{chapter.17}% 184
\BOOKMARK [2][-]{subsection.17.2.1}{\376\377\000F\000a\000t\000t\000o\000r\000i\000\040\000d\000i\000\040\000f\000o\000r\000m\000a}{section.17.2}% 185
\BOOKMARK [1][-]{section.17.3}{\376\377\000L\000a\000\040\000c\000o\000r\000r\000e\000n\000t\000e\000\040\000a\000d\000r\000o\000n\000i\000c\000a\000\040\000v\000e\000t\000t\000o\000r\000i\000a\000l\000e}{chapter.17}% 186
\BOOKMARK [1][-]{section.17.4}{\376\377\000D\000i\000g\000r\000e\000s\000s\000i\000o\000n\000e\000:\000\040\000l\000a\000\040\000c\000o\000r\000r\000e\000n\000t\000e\000\040\000e\000l\000e\000t\000t\000r\000o\000m\000a\000g\000n\000e\000t\000i\000c\000a\000\040\000I}{chapter.17}% 187
\BOOKMARK [2][-]{subsection.17.4.1}{\376\377\000I\000\040\000f\000a\000t\000t\000o\000r\000i\000\040\000d\000i\000\040\000f\000o\000r\000m\000a\000\040\000d\000e\000l\000\040\000p\000r\000o\000t\000o\000n\000e}{section.17.4}% 188
\BOOKMARK [2][-]{subsection.17.4.2}{\376\377\000I\000\040\000f\000a\000t\000t\000o\000r\000i\000\040\000d\000i\000\040\000f\000o\000r\000m\000a\000\040\000d\000e\000l\000\040\000n\000e\000u\000t\000r\000o\000n\000e}{section.17.4}% 189
\BOOKMARK [1][-]{section.17.5}{\376\377\000D\000i\000g\000r\000e\000s\000s\000i\000o\000n\000e\000:\000\040\000l\000a\000\040\000c\000o\000r\000r\000e\000n\000t\000e\000\040\000e\000l\000e\000t\000t\000r\000o\000m\000a\000g\000n\000e\000t\000i\000c\000a\000\040\000I\000I}{chapter.17}% 190
\BOOKMARK [1][-]{section.17.6}{\376\377\000S\000c\000o\000m\000p\000o\000s\000i\000z\000i\000o\000n\000e\000\040\000d\000i\000\040\000G\000o\000r\000d\000o\000n}{chapter.17}% 191
\BOOKMARK [1][-]{section.17.7}{\376\377\000C\000o\000r\000r\000e\000n\000t\000e\000\040\000e\000l\000e\000t\000t\000r\000o\000m\000a\000g\000n\000e\000t\000i\000c\000a\000\040\000e\000\040\000i\000s\000o\000s\000p\000i\000n}{chapter.17}% 192
\BOOKMARK [1][-]{section.17.8}{\376\377\000I\000l\000\040\000F\000a\000t\000t\000o\000r\000e\000\040\000d\000i\000\040\000F\000o\000r\000m\000a\000\040\000d\000e\000l\000\040\000m\000e\000s\000o\000n\000e\000\040\000p\000m}{chapter.17}% 193
\BOOKMARK [1][-]{section.17.9}{\376\377\000L\000a\000\040\000c\000o\000r\000r\000e\000n\000t\000e\000\040\000d\000e\000b\000o\000l\000e\000\040\000a\000d\000r\000o\000n\000i\000c\000a}{chapter.17}% 194
\BOOKMARK [1][-]{section.17.10}{\376\377\000I\000l\000\040\000d\000e\000c\000a\000d\000i\000m\000e\000n\000t\000o\000\040\000"\000"\000\040\000d\000e\000l\000\040\000p\000i\000o\000n\000e\000\040\000c\000a\000r\000i\000c\000o\000\040\000-}{chapter.17}% 195
\BOOKMARK [1][-]{section.17.11}{\376\377\000I\000l\000\040\000d\000e\000c\000a\000d\000i\000m\000e\000n\000t\000o\000\040\000\040\000d\000e\000l\000\040\000n\000e\000u\000t\000r\000o\000n\000e}{chapter.17}% 196
\BOOKMARK [0][-]{chapter.18}{\376\377\000L\000e\000z\000i\000o\000n\000e\000\040\0001\0008\000\040\000-\000\040\000N\000e\000u\000t\000r\000i\000n\000i}{}% 197
\BOOKMARK [1][-]{section.18.1}{\376\377\000I\000n\000t\000e\000r\000a\000z\000i\000o\000n\000i\000\040\000n\000e\000u\000t\000r\000i\000n\000o\000-\000f\000e\000r\000m\000i\000o\000n\000e}{chapter.18}% 198
\BOOKMARK [1][-]{section.18.2}{\376\377\000L\000o\000\040\000s\000c\000a\000t\000t\000e\000r\000i\000n\000g\000\040\000e\000\040\000e\000-\000e\000\040\000e\000-}{chapter.18}% 199
\BOOKMARK [1][-]{section.18.3}{\376\377\000L\000o\000\040\000s\000c\000a\000t\000t\000e\000r\000i\000n\000g\000\040\000b\000a\000r\000e\000\040\000e\000-\000b\000a\000r\000e\000\040\000e\000-}{chapter.18}% 200
\BOOKMARK [1][-]{section.18.4}{\376\377\000I\000n\000t\000e\000r\000a\000z\000i\000o\000n\000e\000\040\000n\000e\000u\000t\000r\000i\000n\000o\000\040\000q\000u\000a\000r\000k\000\040\000\050\000C\000C\000\051}{chapter.18}% 201
\BOOKMARK [1][-]{section.18.5}{\376\377\000L\000a\000\040\000r\000e\000a\000z\000i\000o\000n\000e\000\040\000e\040\023\000e}{chapter.18}% 202
\BOOKMARK [1][-]{section.18.6}{\376\377\000D\000i\000f\000f\000i\000c\000o\000l\000t\000\340\000\040\000d\000e\000l\000l\000'\000I\000n\000t\000e\000r\000a\000z\000i\000o\000n\000e\000\040\000d\000i\000\040\000F\000e\000r\000m\000i}{chapter.18}% 203
\BOOKMARK [1][-]{section.18.7}{\376\377\000I\000l\000\040\000p\000r\000o\000p\000a\000g\000a\000t\000o\000r\000e\000\040\000d\000e\000l\000\040\000b\000o\000s\000o\000n\000e\000\040\000W\000p\000m}{chapter.18}% 204
\BOOKMARK [1][-]{section.18.8}{\376\377\000I\000l\000\040\000m\000o\000d\000e\000l\000l\000o\000\040\000B\000o\000s\000o\000n\000e\000\040\000V\000e\000t\000t\000o\000r\000i\000a\000l\000e\000\040\000I\000n\000t\000e\000r\000m\000e\000d\000i\000o\000\040\000\050\000I\000V\000B\000\051}{chapter.18}% 205
\BOOKMARK [0][-]{chapter.19}{\376\377\000L\000e\000z\000i\000o\000n\000e\000\040\0001\0009\000\040\000-\000\040\000Q\000u\000a\000r\000k\000\040\000e\000\040\000c\000o\000r\000r\000e\000n\000t\000i\000\040\000n\000e\000u\000t\000r\000e}{}% 206
\BOOKMARK [1][-]{section.19.1}{\376\377\000N\000e\000u\000t\000r\000i\000n\000o\000\040\000d\000e\000e\000p\000\040\000i\000n\000e\000l\000a\000s\000t\000i\000c\000\040\000s\000c\000a\000t\000t\000e\000r\000i\000n\000g\000\040\000\050\000D\000I\000S\000\051}{chapter.19}% 207
\BOOKMARK [1][-]{section.19.2}{\376\377\000L\000e\000\040\000v\000a\000r\000i\000a\000b\000i\000l\000i\000\040\000x\000\040\000e\000\040\000y}{chapter.19}% 208
\BOOKMARK [1][-]{section.19.3}{\376\377\000S\000c\000a\000l\000i\000n\000g\000\040\000d\000i\000\040\000B\000j\000o\000r\000k\000e\000n}{chapter.19}% 209
\BOOKMARK [1][-]{section.19.4}{\376\377\000I\000l\000\040\000m\000o\000d\000e\000l\000l\000o\000\040\000a\000\040\000p\000a\000r\000t\000o\000n\000i}{chapter.19}% 210
\BOOKMARK [1][-]{section.19.5}{\376\377\000L\000a\000\040\000m\000i\000s\000u\000r\000a\000\040\000d\000e\000l\000l\000e\000\040\000f\000u\000n\000z\000i\000o\000n\000i\000\040\000d\000i\000\040\000d\000i\000s\000t\000r\000i\000b\000u\000z\000i\000o\000n\000e}{chapter.19}% 211
\BOOKMARK [1][-]{section.19.6}{\376\377\000S\000e\000z\000i\000o\000n\000e\000\040\000d\000'\000u\000r\000t\000o\000\040\000d\000i\000f\000f\000e\000r\000e\000n\000z\000i\000a\000l\000e}{chapter.19}% 212
\BOOKMARK [1][-]{section.19.7}{\376\377\000S\000e\000z\000i\000o\000n\000e\000\040\000d\000'\000u\000r\000t\000o\000\040\000t\000o\000t\000a\000l\000e}{chapter.19}% 213
\BOOKMARK [1][-]{section.19.8}{\376\377\000L\000e\000\040\000d\000i\000s\000t\000r\000i\000b\000u\000z\000i\000o\000n\000i\000\040\000d\000e\000i\000\040\000q\000u\000a\000r\000k}{chapter.19}% 214
\BOOKMARK [1][-]{section.19.9}{\376\377\000L\000e\000\040\000d\000i\000s\000t\000r\000i\000b\000u\000z\000i\000o\000n\000i\000\040\000u\000\050\000x\000\051\000\040\000e\000\040\000d\000\050\000x\000\051}{chapter.19}% 215
\BOOKMARK [1][-]{section.19.10}{\376\377\000L\000a\000\040\000s\000c\000o\000p\000e\000r\000t\000a\000\040\000d\000e\000l\000l\000e\000\040\000c\000o\000r\000r\000e\000n\000t\000i\000\040\000n\000e\000u\000t\000r\000e}{chapter.19}% 216
\BOOKMARK [0][-]{chapter.20}{\376\377\000L\000e\000z\000i\000o\000n\000e\000\040\0002\0000\000\040\000-\000\040\000I\000n\000t\000e\000r\000a\000z\000i\000o\000n\000i\000\040\000d\000i\000\040\000c\000o\000r\000r\000e\000n\000t\000e\000\040\000n\000e\000u\000t\000r\000a}{}% 217
\BOOKMARK [1][-]{section.20.1}{\376\377\000I\000n\000t\000e\000r\000a\000z\000i\000o\000n\000i\000\040\000d\000i\000\040\000c\000o\000r\000r\000e\000n\000t\000e\000\040\000n\000e\000u\000t\000r\000a}{chapter.20}% 218
\BOOKMARK [1][-]{section.20.2}{\376\377\000I\000n\000t\000e\000r\000a\000z\000i\000o\000n\000e\000\040\000n\000e\000u\000t\000r\000i\000n\000o\000\040\000q\000u\000a\000r\000k\000\040\000\050\000N\000C\000\051}{chapter.20}% 219
\BOOKMARK [1][-]{section.20.3}{\376\377\000C\000o\000r\000r\000e\000n\000t\000i\000\040\000n\000e\000u\000t\000r\000e}{chapter.20}% 220
\BOOKMARK [1][-]{section.20.4}{\376\377\000I\000n\000t\000e\000r\000a\000z\000i\000o\000n\000e\000\040\000n\000e\000u\000t\000r\000i\000n\000o\000\040\000e\000l\000e\000t\000t\000r\000o\000n\000e}{chapter.20}% 221
\BOOKMARK [1][-]{section.20.5}{\376\377\000L\000e\000\040\000s\000i\000m\000m\000e\000t\000r\000i\000e\000\040\000d\000e\000l\000\040\000M\000o\000d\000e\000l\000l\000o\000\040\000S\000t\000a\000n\000d\000a\000r\000d}{chapter.20}% 222
\BOOKMARK [1][-]{section.20.6}{\376\377\000I\000s\000o\000s\000p\000i\000n\000\040\000d\000e\000b\000o\000l\000e}{chapter.20}% 223
\BOOKMARK [1][-]{section.20.7}{\376\377\000I\000l\000\040\000m\000o\000d\000e\000l\000l\000o\000\040\000s\000t\000a\000n\000d\000a\000r\000d}{chapter.20}% 224
\BOOKMARK [1][-]{section.20.8}{\376\377\000S\000c\000o\000m\000p\000o\000s\000i\000z\000i\000o\000n\000e\000\040\000c\000h\000i\000r\000a\000l\000e\000\040\000d\000e\000l\000l\000a\000\040\000L\000\040\000d\000i\000\040\000D\000i\000r\000a\000c}{chapter.20}% 225
\BOOKMARK [1][-]{section.20.9}{\376\377\000I\000l\000\040\000m\000o\000d\000e\000l\000l\000o\000\040\000s\000t\000a\000n\000d\000a\000r\000d}{chapter.20}% 226
\BOOKMARK [1][-]{section.20.10}{\376\377\000C\000o\000r\000r\000e\000n\000t\000i\000\040\000c\000a\000r\000i\000c\000h\000e}{chapter.20}% 227
\BOOKMARK [1][-]{section.20.11}{\376\377\000C\000o\000r\000r\000e\000n\000t\000e\000\040\000e\000l\000e\000t\000t\000r\000o\000m\000a\000g\000n\000e\000t\000i\000c\000a\000:\000\040\000I\000s\000o\000s\000p\000i\000n\000\040\000+\000\040\000I\000p\000e\000r\000c\000a\000r\000i\000c\000a}{chapter.20}% 228
